Using pre-set license
Built from '2020.3/release' branch; Version is '2020.3.12f1 (b3b2c6512326) revision 11776710'; Using compiler version '192528614'; Build Type 'Release'
OS: 'Windows 10 Home; OS build 19041.1052; Version 2004; 64bit' Language: 'ko' Physical Memory: 16326 MB
BatchMode: 1, IsHumanControllingUs: 0, StartBugReporterOnCrash: 0, Is64bit: 1, IsPro: 0

 COMMAND LINE ARGUMENTS:
C:\Program Files\Unity\Hub\Editor\2020.3.12f1\Editor\Unity.exe
-adb2
-batchMode
-noUpm
-name
AssetImportWorker1
-projectPath
C:/Users/김혁진/Desktop/XRRAPA_Shooting-main/FirstPersonShooting/Prototype 1
-logFile
Logs/AssetImportWorker1.log
-srvPort
13193
Successfully changed project path to: C:/Users/김혁진/Desktop/XRRAPA_Shooting-main/FirstPersonShooting/Prototype 1
C:/Users/김혁진/Desktop/XRRAPA_Shooting-main/FirstPersonShooting/Prototype 1
Using Asset Import Pipeline V2.
Refreshing native plugins compatible for Editor in 29.31 ms, found 2 plugins.
Preloading 0 native plugins for Editor in 0.00 ms.
Initialize engine version: 2020.3.12f1 (b3b2c6512326)
[Subsystems] Discovering subsystems at path C:/Program Files/Unity/Hub/Editor/2020.3.12f1/Editor/Data/Resources/UnitySubsystems
[Subsystems] Discovering subsystems at path C:/Users/김혁진/Desktop/XRRAPA_Shooting-main/FirstPersonShooting/Prototype 1/Assets
GfxDevice: creating device client; threaded=0
Direct3D:
    Version:  Direct3D 11.0 [level 11.1]
    Renderer: NVIDIA GeForce GTX 1660 Ti (ID=0x2182)
    Vendor:   
    VRAM:     5991 MB
    Driver:   27.21.14.6647
Initialize mono
Mono path[0] = 'C:/Program Files/Unity/Hub/Editor/2020.3.12f1/Editor/Data/Managed'
Mono path[1] = 'C:/Program Files/Unity/Hub/Editor/2020.3.12f1/Editor/Data/MonoBleedingEdge/lib/mono/unityjit'
Mono config path = 'C:/Program Files/Unity/Hub/Editor/2020.3.12f1/Editor/Data/MonoBleedingEdge/etc'
Using monoOptions --debugger-agent=transport=dt_socket,embedding=1,server=y,suspend=n,address=127.0.0.1:56632
Begin MonoManager ReloadAssembly
Registering precompiled unity dll's ...
Register platform support module: C:/Program Files/Unity/Hub/Editor/2020.3.12f1/Editor/Data/PlaybackEngines/WindowsStandaloneSupport/UnityEditor.WindowsStandalone.Extensions.dll
Registered in 0.003399 seconds.
Native extension for WindowsStandalone target not found
Refreshing native plugins compatible for Editor in 26.02 ms, found 2 plugins.
Preloading 0 native plugins for Editor in 0.00 ms.
Mono: successfully reloaded assembly
- Completed reload, in  3.992 seconds
Platform modules already initialized, skipping
Registering precompiled user dll's ...
Registered in 0.006720 seconds.
Begin MonoManager ReloadAssembly
Symbol file data-000001B50C884030 doesn't match image C:\Users\김혁진\Desktop\XRRAPA_Shooting-main\FirstPersonShooting\Prototype 1\Library\ScriptAssemblies\Unity.VSCode.Editor.dll
Symbol file LoadedFromMemory is not a mono symbol file
Symbol file data-000001B50B1A3030 doesn't match image C:\Users\김혁진\Desktop\XRRAPA_Shooting-main\FirstPersonShooting\Prototype 1\Library\ScriptAssemblies\Unity.TextMeshPro.Editor.dll
Symbol file LoadedFromMemory is not a mono symbol file
Symbol file data-000001B506C3CB70 doesn't match image C:\Users\김혁진\Desktop\XRRAPA_Shooting-main\FirstPersonShooting\Prototype 1\Library\ScriptAssemblies\Unity.VisualStudio.Editor.dll
Symbol file LoadedFromMemory is not a mono symbol file
Symbol file data-000001B50B22F240 doesn't match image C:\Users\김혁진\Desktop\XRRAPA_Shooting-main\FirstPersonShooting\Prototype 1\Library\ScriptAssemblies\UnityEngine.TestRunner.dll
Symbol file LoadedFromMemory is not a mono symbol file
Symbol file data-000001B506AC1020 doesn't match image C:\Users\김혁진\Desktop\XRRAPA_Shooting-main\FirstPersonShooting\Prototype 1\Library\ScriptAssemblies\Unity.Timeline.Editor.dll
Symbol file LoadedFromMemory is not a mono symbol file
Symbol file data-000001B506AE0430 doesn't match image C:\Users\김혁진\Desktop\XRRAPA_Shooting-main\FirstPersonShooting\Prototype 1\Library\ScriptAssemblies\Unity.Timeline.dll
Symbol file LoadedFromMemory is not a mono symbol file
Symbol file data-000001B506D99020 doesn't match image C:\Users\김혁진\Desktop\XRRAPA_Shooting-main\FirstPersonShooting\Prototype 1\Library\ScriptAssemblies\Unity.TextMeshPro.dll
Symbol file LoadedFromMemory is not a mono symbol file
Symbol file data-000001B50B22F240 doesn't match image C:\Users\김혁진\Desktop\XRRAPA_Shooting-main\FirstPersonShooting\Prototype 1\Library\ScriptAssemblies\Unity.CollabProxy.Editor.dll
Symbol file LoadedFromMemory is not a mono symbol file
Symbol file data-000001B50B69CA30 doesn't match image C:\Users\김혁진\Desktop\XRRAPA_Shooting-main\FirstPersonShooting\Prototype 1\Library\ScriptAssemblies\UnityEditor.TestRunner.dll
Symbol file LoadedFromMemory is not a mono symbol file
Symbol file data-000001B50B996E20 doesn't match image C:\Users\김혁진\Desktop\XRRAPA_Shooting-main\FirstPersonShooting\Prototype 1\Library\ScriptAssemblies\UnityEditor.UI.dll
Symbol file LoadedFromMemory is not a mono symbol file
Symbol file data-000001B50B4DD010 doesn't match image C:\Users\김혁진\Desktop\XRRAPA_Shooting-main\FirstPersonShooting\Prototype 1\Library\ScriptAssemblies\Unity.PlasticSCM.Editor.dll
Symbol file LoadedFromMemory is not a mono symbol file
Symbol file data-000001B506C3CB70 doesn't match image C:\Users\김혁진\Desktop\XRRAPA_Shooting-main\FirstPersonShooting\Prototype 1\Library\ScriptAssemblies\Unity.Rider.Editor.dll
Symbol file LoadedFromMemory is not a mono symbol file
Symbol file data-000001B506AE0430 doesn't match image C:\Users\김혁진\Desktop\XRRAPA_Shooting-main\FirstPersonShooting\Prototype 1\Library\ScriptAssemblies\UnityEngine.UI.dll
Symbol file LoadedFromMemory is not a mono symbol file
Native extension for WindowsStandalone target not found
Refreshing native plugins compatible for Editor in 0.27 ms, found 2 plugins.
Preloading 0 native plugins for Editor in 0.00 ms.
Mono: successfully reloaded assembly
- Completed reload, in  0.985 seconds
Platform modules already initialized, skipping
========================================================================
Worker process is ready to serve import requests
Launched and connected shader compiler UnityShaderCompiler.exe after 0.06 seconds
Refreshing native plugins compatible for Editor in 0.26 ms, found 2 plugins.
Preloading 0 native plugins for Editor in 0.00 ms.
Unloading 1391 Unused Serialized files (Serialized files now loaded: 0)
System memory in use before: 65.4 MB.
System memory in use after: 65.4 MB.

Unloading 19 unused Assets to reduce memory usage. Loaded Objects now: 1824.
Total: 1.750500 ms (FindLiveObjects: 0.122300 ms CreateObjectMapping: 0.037000 ms MarkObjects: 1.521900 ms  DeleteObjects: 0.068300 ms)

AssetImportParameters requested are different than current active one (requested -> active):
  requireTextureImportCompression: false -> true
  custom:framework-win-MediaFoundation: 216162199b28c13a410421893ffa2e32 -> 
  custom:video-decoder-ogg-theora: a1e56fd34408186e4bbccfd4996cb3dc -> 
  custom:container-muxer-webm: aa71ff27fc2769a1b78a27578f13a17b -> 
  custom:container-demuxer-webm: 4f35f7cbe854078d1ac9338744f61a02 -> 
  custom:container-demuxer-ogg: 62fdf1f143b41e24485cea50d1cbac27 -> 
  custom:video-encoder-webm-vp8: eb34c28f22e8b96e1ab97ce403110664 -> 
  custom:video-decoder-webm-vp8: 9c59270c3fd7afecdb556c50c9e8de78 -> 
  custom:audio-decoder-ogg-vorbis: bf7c407c2cedff20999df2af8eb42d56 -> 
  custom:audio-encoder-webm-vorbis: bf7c407c2cedff20999df2af8eb42d56 -> 
========================================================================
Received Import Request.
  path: Assets/Assets/UI
  artifactKey: Guid(8f8a3fdbca18d6a49944f57486ffeb40) Importer(815301076,1909f56bfc062723c751e8b465ee728b)
Start importing Assets/Assets/UI using Guid(8f8a3fdbca18d6a49944f57486ffeb40) Importer(815301076,1909f56bfc062723c751e8b465ee728b)  -> (artifact id: '57a4b4878bd80551ee8ed8ff9cbd1307') in 0.005576 seconds 
  Import took 0.007418 seconds .

========================================================================
Received Import Request.
  Time since last request: 625.679695 seconds.
  path: Assets/Assets/UI/crosshair-467259.png
  artifactKey: Guid(c1377fc155ba03241adab6f51c541837) Importer(815301076,1909f56bfc062723c751e8b465ee728b)
Start importing Assets/Assets/UI/crosshair-467259.png using Guid(c1377fc155ba03241adab6f51c541837) Importer(815301076,1909f56bfc062723c751e8b465ee728b)  -> (artifact id: '2d4ec29e7d7631c7397825f423abd997') in 0.109100 seconds 
  Import took 0.112546 seconds .

========================================================================
Received Import Request.
  Time since last request: 27.315267 seconds.
  path: Assets/Assets/UI/crosshair-467259.png
  artifactKey: Guid(c1377fc155ba03241adab6f51c541837) Importer(815301076,1909f56bfc062723c751e8b465ee728b)
Start importing Assets/Assets/UI/crosshair-467259.png using Guid(c1377fc155ba03241adab6f51c541837) Importer(815301076,1909f56bfc062723c751e8b465ee728b)  -> (artifact id: '9bdddf383b3eb94d82fe1c84ddc584da') in 0.033820 seconds 
  Import took 0.036988 seconds .

========================================================================
Received Import Request.
  Time since last request: 150.889763 seconds.
  path: Assets/Assets/UI/1.png
  artifactKey: Guid(42b22b89abbc6b84a8759624ac39df75) Importer(815301076,1909f56bfc062723c751e8b465ee728b)
Start importing Assets/Assets/UI/1.png using Guid(42b22b89abbc6b84a8759624ac39df75) Importer(815301076,1909f56bfc062723c751e8b465ee728b)  -> (artifact id: '38e596f10883d21919b762ee72f465bd') in 0.010461 seconds 
  Import took 0.012777 seconds .

========================================================================
Received Import Request.
  Time since last request: 29.185851 seconds.
  path: Assets/Assets/UI/5.png
  artifactKey: Guid(9210a2d05a781fd4f953c93818e01e51) Importer(815301076,1909f56bfc062723c751e8b465ee728b)
Start importing Assets/Assets/UI/5.png using Guid(9210a2d05a781fd4f953c93818e01e51) Importer(815301076,1909f56bfc062723c751e8b465ee728b)  -> (artifact id: '23f710d75f6fb4d277e337cb045c7d0a') in 0.009824 seconds 
  Import took 0.012144 seconds .

========================================================================
Received Import Request.
  Time since last request: 0.002734 seconds.
  path: Assets/Assets/UI/5.png
  artifactKey: Guid(9210a2d05a781fd4f953c93818e01e51) Importer(815301076,1909f56bfc062723c751e8b465ee728b)
Start importing Assets/Assets/UI/5.png using Guid(9210a2d05a781fd4f953c93818e01e51) Importer(815301076,1909f56bfc062723c751e8b465ee728b)  -> (artifact id: '23f710d75f6fb4d277e337cb045c7d0a') in 0.008955 seconds 
  Import took 0.011031 seconds .

========================================================================
Received Import Request.
  Time since last request: 210.258890 seconds.
  path: Assets/Assets/UI/SMC Pack 1
  artifactKey: Guid(7cc0d91273975114ba40f796652eb664) Importer(815301076,1909f56bfc062723c751e8b465ee728b)
Start importing Assets/Assets/UI/SMC Pack 1 using Guid(7cc0d91273975114ba40f796652eb664) Importer(815301076,1909f56bfc062723c751e8b465ee728b)  -> (artifact id: 'bcccff727c30a5a0006dd2639c88551c') in 0.005743 seconds 
  Import took 0.008305 seconds .

========================================================================
Received Import Request.
  Time since last request: 0.615213 seconds.
  path: Assets/Assets/UI/SMC Pack 1/Pack
  artifactKey: Guid(37b8335ff7712924099f3e8b878ab287) Importer(815301076,1909f56bfc062723c751e8b465ee728b)
Start importing Assets/Assets/UI/SMC Pack 1/Pack using Guid(37b8335ff7712924099f3e8b878ab287) Importer(815301076,1909f56bfc062723c751e8b465ee728b)  -> (artifact id: '34faf2243c349cc737c9abdeb2a3fc77') in 0.005538 seconds 
  Import took 0.007736 seconds .

========================================================================
Received Import Request.
  Time since last request: 0.710693 seconds.
  path: Assets/Assets/UI/SMC Pack 1/Pack/5.png
  artifactKey: Guid(7d7e3d4c78b32f648b40888bfc6db8d0) Importer(815301076,1909f56bfc062723c751e8b465ee728b)
Start importing Assets/Assets/UI/SMC Pack 1/Pack/5.png using Guid(7d7e3d4c78b32f648b40888bfc6db8d0) Importer(815301076,1909f56bfc062723c751e8b465ee728b)  -> (artifact id: '8e65c216d87516791d7d72ecbd86b3d8') in 0.044352 seconds 
  Import took 0.046777 seconds .

========================================================================
Received Prepare
Registering precompiled user dll's ...
Registered in 0.006898 seconds.
Begin MonoManager ReloadAssembly
Symbol file data-000001B50C4B0030 doesn't match image C:\Users\김혁진\Desktop\XRRAPA_Shooting-main\FirstPersonShooting\Prototype 1\Library\ScriptAssemblies\Unity.VSCode.Editor.dll
Symbol file LoadedFromMemory is not a mono symbol file
Symbol file data-000001B50EF91030 doesn't match image C:\Users\김혁진\Desktop\XRRAPA_Shooting-main\FirstPersonShooting\Prototype 1\Library\ScriptAssemblies\Unity.TextMeshPro.Editor.dll
Symbol file LoadedFromMemory is not a mono symbol file
Symbol file data-000001B50CAB3040 doesn't match image C:\Users\김혁진\Desktop\XRRAPA_Shooting-main\FirstPersonShooting\Prototype 1\Library\ScriptAssemblies\Unity.VisualStudio.Editor.dll
Symbol file LoadedFromMemory is not a mono symbol file
Symbol file data-000001B50C3E8050 doesn't match image C:\Users\김혁진\Desktop\XRRAPA_Shooting-main\FirstPersonShooting\Prototype 1\Library\ScriptAssemblies\UnityEngine.TestRunner.dll
Symbol file LoadedFromMemory is not a mono symbol file
Symbol file data-000001B50B1F8030 doesn't match image C:\Users\김혁진\Desktop\XRRAPA_Shooting-main\FirstPersonShooting\Prototype 1\Library\ScriptAssemblies\Unity.Timeline.Editor.dll
Symbol file LoadedFromMemory is not a mono symbol file
Symbol file data-000001B50C3E8050 doesn't match image C:\Users\김혁진\Desktop\XRRAPA_Shooting-main\FirstPersonShooting\Prototype 1\Library\ScriptAssemblies\Unity.Timeline.dll
Symbol file LoadedFromMemory is not a mono symbol file
Symbol file data-000001B50B1A3030 doesn't match image C:\Users\김혁진\Desktop\XRRAPA_Shooting-main\FirstPersonShooting\Prototype 1\Library\ScriptAssemblies\Unity.TextMeshPro.dll
Symbol file LoadedFromMemory is not a mono symbol file
Symbol file data-000001B50C3E8050 doesn't match image C:\Users\김혁진\Desktop\XRRAPA_Shooting-main\FirstPersonShooting\Prototype 1\Library\ScriptAssemblies\Unity.CollabProxy.Editor.dll
Symbol file LoadedFromMemory is not a mono symbol file
Symbol file data-000001B506EDD050 doesn't match image C:\Users\김혁진\Desktop\XRRAPA_Shooting-main\FirstPersonShooting\Prototype 1\Library\ScriptAssemblies\UnityEditor.TestRunner.dll
Symbol file LoadedFromMemory is not a mono symbol file
Symbol file data-000001B50B1C9240 doesn't match image C:\Users\김혁진\Desktop\XRRAPA_Shooting-main\FirstPersonShooting\Prototype 1\Library\ScriptAssemblies\UnityEditor.UI.dll
Symbol file LoadedFromMemory is not a mono symbol file
Symbol file data-000001B50B4DD010 doesn't match image C:\Users\김혁진\Desktop\XRRAPA_Shooting-main\FirstPersonShooting\Prototype 1\Library\ScriptAssemblies\Unity.PlasticSCM.Editor.dll
Symbol file LoadedFromMemory is not a mono symbol file
Symbol file data-000001B50B996E20 doesn't match image C:\Users\김혁진\Desktop\XRRAPA_Shooting-main\FirstPersonShooting\Prototype 1\Library\ScriptAssemblies\Unity.Rider.Editor.dll
Symbol file LoadedFromMemory is not a mono symbol file
Symbol file data-000001B50B385010 doesn't match image C:\Users\김혁진\Desktop\XRRAPA_Shooting-main\FirstPersonShooting\Prototype 1\Library\ScriptAssemblies\UnityEngine.UI.dll
Symbol file LoadedFromMemory is not a mono symbol file
Native extension for WindowsStandalone target not found
Refreshing native plugins compatible for Editor in 0.27 ms, found 2 plugins.
Preloading 0 native plugins for Editor in 0.00 ms.
Mono: successfully reloaded assembly
- Completed reload, in  0.974 seconds
Platform modules already initialized, skipping
Refreshing native plugins compatible for Editor in 0.27 ms, found 2 plugins.
Preloading 0 native plugins for Editor in 0.00 ms.
Unloading 1386 Unused Serialized files (Serialized files now loaded: 0)
System memory in use before: 68.4 MB.
System memory in use after: 68.4 MB.

Unloading 14 unused Assets to reduce memory usage. Loaded Objects now: 1836.
Total: 1.680200 ms (FindLiveObjects: 0.170200 ms CreateObjectMapping: 0.039500 ms MarkObjects: 1.428000 ms  DeleteObjects: 0.041700 ms)

AssetImportParameters requested are different than current active one (requested -> active):
  requireTextureImportCompression: false -> true
  custom:framework-win-MediaFoundation: 216162199b28c13a410421893ffa2e32 -> 
  custom:video-decoder-ogg-theora: a1e56fd34408186e4bbccfd4996cb3dc -> 
  custom:container-muxer-webm: aa71ff27fc2769a1b78a27578f13a17b -> 
  custom:container-demuxer-webm: 4f35f7cbe854078d1ac9338744f61a02 -> 
  custom:container-demuxer-ogg: 62fdf1f143b41e24485cea50d1cbac27 -> 
  custom:video-encoder-webm-vp8: eb34c28f22e8b96e1ab97ce403110664 -> 
  custom:video-decoder-webm-vp8: 9c59270c3fd7afecdb556c50c9e8de78 -> 
  custom:audio-decoder-ogg-vorbis: bf7c407c2cedff20999df2af8eb42d56 -> 
  custom:audio-encoder-webm-vorbis: bf7c407c2cedff20999df2af8eb42d56 -> 
========================================================================
Received Prepare
Registering precompiled user dll's ...
Registered in 0.005904 seconds.
Begin MonoManager ReloadAssembly
Symbol file data-000001B50C3F1E80 doesn't match image C:\Users\김혁진\Desktop\XRRAPA_Shooting-main\FirstPersonShooting\Prototype 1\Library\ScriptAssemblies\Unity.VSCode.Editor.dll
Symbol file LoadedFromMemory is not a mono symbol file
Symbol file data-000001B50D2E4040 doesn't match image C:\Users\김혁진\Desktop\XRRAPA_Shooting-main\FirstPersonShooting\Prototype 1\Library\ScriptAssemblies\Unity.TextMeshPro.Editor.dll
Symbol file LoadedFromMemory is not a mono symbol file
Symbol file data-000001B506CBD020 doesn't match image C:\Users\김혁진\Desktop\XRRAPA_Shooting-main\FirstPersonShooting\Prototype 1\Library\ScriptAssemblies\Unity.VisualStudio.Editor.dll
Symbol file LoadedFromMemory is not a mono symbol file
Symbol file data-000001B50B22A020 doesn't match image C:\Users\김혁진\Desktop\XRRAPA_Shooting-main\FirstPersonShooting\Prototype 1\Library\ScriptAssemblies\UnityEngine.TestRunner.dll
Symbol file LoadedFromMemory is not a mono symbol file
Symbol file data-000001B50CDED410 doesn't match image C:\Users\김혁진\Desktop\XRRAPA_Shooting-main\FirstPersonShooting\Prototype 1\Library\ScriptAssemblies\Unity.Timeline.Editor.dll
Symbol file LoadedFromMemory is not a mono symbol file
Symbol file data-000001B50F9B0020 doesn't match image C:\Users\김혁진\Desktop\XRRAPA_Shooting-main\FirstPersonShooting\Prototype 1\Library\ScriptAssemblies\Unity.Timeline.dll
Symbol file LoadedFromMemory is not a mono symbol file
Symbol file data-000001B50B1A3030 doesn't match image C:\Users\김혁진\Desktop\XRRAPA_Shooting-main\FirstPersonShooting\Prototype 1\Library\ScriptAssemblies\Unity.TextMeshPro.dll
Symbol file LoadedFromMemory is not a mono symbol file
Symbol file data-000001B50B22A020 doesn't match image C:\Users\김혁진\Desktop\XRRAPA_Shooting-main\FirstPersonShooting\Prototype 1\Library\ScriptAssemblies\Unity.CollabProxy.Editor.dll
Symbol file LoadedFromMemory is not a mono symbol file
Symbol file data-000001B50B0B0020 doesn't match image C:\Users\김혁진\Desktop\XRRAPA_Shooting-main\FirstPersonShooting\Prototype 1\Library\ScriptAssemblies\UnityEditor.TestRunner.dll
Symbol file LoadedFromMemory is not a mono symbol file
Symbol file data-000001B50B1C9240 doesn't match image C:\Users\김혁진\Desktop\XRRAPA_Shooting-main\FirstPersonShooting\Prototype 1\Library\ScriptAssemblies\UnityEditor.UI.dll
Symbol file LoadedFromMemory is not a mono symbol file
Symbol file data-000001B507166FF0 doesn't match image C:\Users\김혁진\Desktop\XRRAPA_Shooting-main\FirstPersonShooting\Prototype 1\Library\ScriptAssemblies\Unity.PlasticSCM.Editor.dll
Symbol file LoadedFromMemory is not a mono symbol file
Symbol file data-000001B50B996E20 doesn't match image C:\Users\김혁진\Desktop\XRRAPA_Shooting-main\FirstPersonShooting\Prototype 1\Library\ScriptAssemblies\Unity.Rider.Editor.dll
Symbol file LoadedFromMemory is not a mono symbol file
Symbol file data-000001B50F942030 doesn't match image C:\Users\김혁진\Desktop\XRRAPA_Shooting-main\FirstPersonShooting\Prototype 1\Library\ScriptAssemblies\UnityEngine.UI.dll
Symbol file LoadedFromMemory is not a mono symbol file
Native extension for WindowsStandalone target not found
Refreshing native plugins compatible for Editor in 0.30 ms, found 2 plugins.
Preloading 0 native plugins for Editor in 0.00 ms.
Mono: successfully reloaded assembly
- Completed reload, in  0.927 seconds
Platform modules already initialized, skipping
Refreshing native plugins compatible for Editor in 0.28 ms, found 2 plugins.
Preloading 0 native plugins for Editor in 0.00 ms.
Unloading 1386 Unused Serialized files (Serialized files now loaded: 0)
System memory in use before: 68.4 MB.
System memory in use after: 68.5 MB.

Unloading 14 unused Assets to reduce memory usage. Loaded Objects now: 1839.
Total: 1.612500 ms (FindLiveObjects: 0.123000 ms CreateObjectMapping: 0.039000 ms MarkObjects: 1.408600 ms  DeleteObjects: 0.040900 ms)

AssetImportParameters requested are different than current active one (requested -> active):
  requireTextureImportCompression: false -> true
  custom:framework-win-MediaFoundation: 216162199b28c13a410421893ffa2e32 -> 
  custom:video-decoder-ogg-theora: a1e56fd34408186e4bbccfd4996cb3dc -> 
  custom:container-muxer-webm: aa71ff27fc2769a1b78a27578f13a17b -> 
  custom:container-demuxer-webm: 4f35f7cbe854078d1ac9338744f61a02 -> 
  custom:container-demuxer-ogg: 62fdf1f143b41e24485cea50d1cbac27 -> 
  custom:video-encoder-webm-vp8: eb34c28f22e8b96e1ab97ce403110664 -> 
  custom:video-decoder-webm-vp8: 9c59270c3fd7afecdb556c50c9e8de78 -> 
  custom:audio-decoder-ogg-vorbis: bf7c407c2cedff20999df2af8eb42d56 -> 
  custom:audio-encoder-webm-vorbis: bf7c407c2cedff20999df2af8eb42d56 -> 
========================================================================
Received Prepare
Registering precompiled user dll's ...
Registered in 0.006051 seconds.
Begin MonoManager ReloadAssembly
Symbol file data-000001B506978570 doesn't match image C:\Users\김혁진\Desktop\XRRAPA_Shooting-main\FirstPersonShooting\Prototype 1\Library\ScriptAssemblies\Unity.VSCode.Editor.dll
Symbol file LoadedFromMemory is not a mono symbol file
Symbol file data-000001B506EDD050 doesn't match image C:\Users\김혁진\Desktop\XRRAPA_Shooting-main\FirstPersonShooting\Prototype 1\Library\ScriptAssemblies\Unity.TextMeshPro.Editor.dll
Symbol file LoadedFromMemory is not a mono symbol file
Symbol file data-000001B50B136010 doesn't match image C:\Users\김혁진\Desktop\XRRAPA_Shooting-main\FirstPersonShooting\Prototype 1\Library\ScriptAssemblies\Unity.VisualStudio.Editor.dll
Symbol file LoadedFromMemory is not a mono symbol file
Symbol file data-000001B50C3E8050 doesn't match image C:\Users\김혁진\Desktop\XRRAPA_Shooting-main\FirstPersonShooting\Prototype 1\Library\ScriptAssemblies\UnityEngine.TestRunner.dll
Symbol file LoadedFromMemory is not a mono symbol file
Symbol file data-000001B50EC10EC0 doesn't match image C:\Users\김혁진\Desktop\XRRAPA_Shooting-main\FirstPersonShooting\Prototype 1\Library\ScriptAssemblies\Unity.Timeline.Editor.dll
Symbol file LoadedFromMemory is not a mono symbol file
Symbol file data-000001B50F9B0020 doesn't match image C:\Users\김혁진\Desktop\XRRAPA_Shooting-main\FirstPersonShooting\Prototype 1\Library\ScriptAssemblies\Unity.Timeline.dll
Symbol file LoadedFromMemory is not a mono symbol file
Symbol file data-000001B50F079010 doesn't match image C:\Users\김혁진\Desktop\XRRAPA_Shooting-main\FirstPersonShooting\Prototype 1\Library\ScriptAssemblies\Unity.TextMeshPro.dll
Symbol file LoadedFromMemory is not a mono symbol file
Symbol file data-000001B50C3E8050 doesn't match image C:\Users\김혁진\Desktop\XRRAPA_Shooting-main\FirstPersonShooting\Prototype 1\Library\ScriptAssemblies\Unity.CollabProxy.Editor.dll
Symbol file LoadedFromMemory is not a mono symbol file
Symbol file data-000001B50B0B0020 doesn't match image C:\Users\김혁진\Desktop\XRRAPA_Shooting-main\FirstPersonShooting\Prototype 1\Library\ScriptAssemblies\UnityEditor.TestRunner.dll
Symbol file LoadedFromMemory is not a mono symbol file
Symbol file data-000001B50B136010 doesn't match image C:\Users\김혁진\Desktop\XRRAPA_Shooting-main\FirstPersonShooting\Prototype 1\Library\ScriptAssemblies\UnityEditor.UI.dll
Symbol file LoadedFromMemory is not a mono symbol file
Symbol file data-000001B50F079010 doesn't match image C:\Users\김혁진\Desktop\XRRAPA_Shooting-main\FirstPersonShooting\Prototype 1\Library\ScriptAssemblies\Unity.PlasticSCM.Editor.dll
Symbol file LoadedFromMemory is not a mono symbol file
Symbol file data-000001B50B996E20 doesn't match image C:\Users\김혁진\Desktop\XRRAPA_Shooting-main\FirstPersonShooting\Prototype 1\Library\ScriptAssemblies\Unity.Rider.Editor.dll
Symbol file LoadedFromMemory is not a mono symbol file
Symbol file data-000001B50FCD0030 doesn't match image C:\Users\김혁진\Desktop\XRRAPA_Shooting-main\FirstPersonShooting\Prototype 1\Library\ScriptAssemblies\UnityEngine.UI.dll
Symbol file LoadedFromMemory is not a mono symbol file
Native extension for WindowsStandalone target not found
Refreshing native plugins compatible for Editor in 0.28 ms, found 2 plugins.
Preloading 0 native plugins for Editor in 0.00 ms.
Mono: successfully reloaded assembly
- Completed reload, in  0.922 seconds
Platform modules already initialized, skipping
Refreshing native plugins compatible for Editor in 0.28 ms, found 2 plugins.
Preloading 0 native plugins for Editor in 0.00 ms.
Unloading 1386 Unused Serialized files (Serialized files now loaded: 0)
System memory in use before: 68.4 MB.
System memory in use after: 68.5 MB.

Unloading 14 unused Assets to reduce memory usage. Loaded Objects now: 1842.
Total: 1.682900 ms (FindLiveObjects: 0.122400 ms CreateObjectMapping: 0.036800 ms MarkObjects: 1.481100 ms  DeleteObjects: 0.041900 ms)

AssetImportParameters requested are different than current active one (requested -> active):
  requireTextureImportCompression: false -> true
  custom:framework-win-MediaFoundation: 216162199b28c13a410421893ffa2e32 -> 
  custom:video-decoder-ogg-theora: a1e56fd34408186e4bbccfd4996cb3dc -> 
  custom:container-muxer-webm: aa71ff27fc2769a1b78a27578f13a17b -> 
  custom:container-demuxer-webm: 4f35f7cbe854078d1ac9338744f61a02 -> 
  custom:container-demuxer-ogg: 62fdf1f143b41e24485cea50d1cbac27 -> 
  custom:video-encoder-webm-vp8: eb34c28f22e8b96e1ab97ce403110664 -> 
  custom:video-decoder-webm-vp8: 9c59270c3fd7afecdb556c50c9e8de78 -> 
  custom:audio-decoder-ogg-vorbis: bf7c407c2cedff20999df2af8eb42d56 -> 
  custom:audio-encoder-webm-vorbis: bf7c407c2cedff20999df2af8eb42d56 -> 
========================================================================
Received Prepare
Registering precompiled user dll's ...
Registered in 0.006002 seconds.
Begin MonoManager ReloadAssembly
Symbol file data-000001B506978570 doesn't match image C:\Users\김혁진\Desktop\XRRAPA_Shooting-main\FirstPersonShooting\Prototype 1\Library\ScriptAssemblies\Unity.VSCode.Editor.dll
Symbol file LoadedFromMemory is not a mono symbol file
Symbol file data-000001B50C95F450 doesn't match image C:\Users\김혁진\Desktop\XRRAPA_Shooting-main\FirstPersonShooting\Prototype 1\Library\ScriptAssemblies\Unity.TextMeshPro.Editor.dll
Symbol file LoadedFromMemory is not a mono symbol file
Symbol file data-000001B50F9B8030 doesn't match image C:\Users\김혁진\Desktop\XRRAPA_Shooting-main\FirstPersonShooting\Prototype 1\Library\ScriptAssemblies\Unity.VisualStudio.Editor.dll
Symbol file LoadedFromMemory is not a mono symbol file
Symbol file data-000001B50E472040 doesn't match image C:\Users\김혁진\Desktop\XRRAPA_Shooting-main\FirstPersonShooting\Prototype 1\Library\ScriptAssemblies\UnityEngine.TestRunner.dll
Symbol file LoadedFromMemory is not a mono symbol file
Symbol file data-000001B506BA51D0 doesn't match image C:\Users\김혁진\Desktop\XRRAPA_Shooting-main\FirstPersonShooting\Prototype 1\Library\ScriptAssemblies\Unity.Timeline.Editor.dll
Symbol file LoadedFromMemory is not a mono symbol file
Symbol file data-000001B50C95F450 doesn't match image C:\Users\김혁진\Desktop\XRRAPA_Shooting-main\FirstPersonShooting\Prototype 1\Library\ScriptAssemblies\Unity.Timeline.dll
Symbol file LoadedFromMemory is not a mono symbol file
Symbol file data-000001B50BE3D010 doesn't match image C:\Users\김혁진\Desktop\XRRAPA_Shooting-main\FirstPersonShooting\Prototype 1\Library\ScriptAssemblies\Unity.TextMeshPro.dll
Symbol file LoadedFromMemory is not a mono symbol file
Symbol file data-000001B50E472040 doesn't match image C:\Users\김혁진\Desktop\XRRAPA_Shooting-main\FirstPersonShooting\Prototype 1\Library\ScriptAssemblies\Unity.CollabProxy.Editor.dll
Symbol file LoadedFromMemory is not a mono symbol file
Symbol file data-000001B50B0B0020 doesn't match image C:\Users\김혁진\Desktop\XRRAPA_Shooting-main\FirstPersonShooting\Prototype 1\Library\ScriptAssemblies\UnityEditor.TestRunner.dll
Symbol file LoadedFromMemory is not a mono symbol file
Symbol file data-000001B50B136010 doesn't match image C:\Users\김혁진\Desktop\XRRAPA_Shooting-main\FirstPersonShooting\Prototype 1\Library\ScriptAssemblies\UnityEditor.UI.dll
Symbol file LoadedFromMemory is not a mono symbol file
Symbol file data-000001B50B13F850 doesn't match image C:\Users\김혁진\Desktop\XRRAPA_Shooting-main\FirstPersonShooting\Prototype 1\Library\ScriptAssemblies\Unity.PlasticSCM.Editor.dll
Symbol file LoadedFromMemory is not a mono symbol file
Symbol file data-000001B50B996E20 doesn't match image C:\Users\김혁진\Desktop\XRRAPA_Shooting-main\FirstPersonShooting\Prototype 1\Library\ScriptAssemblies\Unity.Rider.Editor.dll
Symbol file LoadedFromMemory is not a mono symbol file
Symbol file data-000001B50BB91410 doesn't match image C:\Users\김혁진\Desktop\XRRAPA_Shooting-main\FirstPersonShooting\Prototype 1\Library\ScriptAssemblies\UnityEngine.UI.dll
Symbol file LoadedFromMemory is not a mono symbol file
Native extension for WindowsStandalone target not found
Refreshing native plugins compatible for Editor in 0.27 ms, found 2 plugins.
Preloading 0 native plugins for Editor in 0.00 ms.
Mono: successfully reloaded assembly
- Completed reload, in  0.915 seconds
Platform modules already initialized, skipping
Refreshing native plugins compatible for Editor in 0.27 ms, found 2 plugins.
Preloading 0 native plugins for Editor in 0.00 ms.
Unloading 1386 Unused Serialized files (Serialized files now loaded: 0)
System memory in use before: 68.4 MB.
System memory in use after: 68.5 MB.

Unloading 14 unused Assets to reduce memory usage. Loaded Objects now: 1845.
Total: 1.693400 ms (FindLiveObjects: 0.124300 ms CreateObjectMapping: 0.040700 ms MarkObjects: 1.447900 ms  DeleteObjects: 0.079600 ms)

AssetImportParameters requested are different than current active one (requested -> active):
  requireTextureImportCompression: false -> true
  custom:framework-win-MediaFoundation: 216162199b28c13a410421893ffa2e32 -> 
  custom:video-decoder-ogg-theora: a1e56fd34408186e4bbccfd4996cb3dc -> 
  custom:container-muxer-webm: aa71ff27fc2769a1b78a27578f13a17b -> 
  custom:container-demuxer-webm: 4f35f7cbe854078d1ac9338744f61a02 -> 
  custom:container-demuxer-ogg: 62fdf1f143b41e24485cea50d1cbac27 -> 
  custom:video-encoder-webm-vp8: eb34c28f22e8b96e1ab97ce403110664 -> 
  custom:video-decoder-webm-vp8: 9c59270c3fd7afecdb556c50c9e8de78 -> 
  custom:audio-decoder-ogg-vorbis: bf7c407c2cedff20999df2af8eb42d56 -> 
  custom:audio-encoder-webm-vorbis: bf7c407c2cedff20999df2af8eb42d56 -> 
========================================================================
Received Prepare
Registering precompiled user dll's ...
Registered in 0.005945 seconds.
Begin MonoManager ReloadAssembly
Symbol file data-000001B506978570 doesn't match image C:\Users\김혁진\Desktop\XRRAPA_Shooting-main\FirstPersonShooting\Prototype 1\Library\ScriptAssemblies\Unity.VSCode.Editor.dll
Symbol file LoadedFromMemory is not a mono symbol file
Symbol file data-000001B50B74A6A0 doesn't match image C:\Users\김혁진\Desktop\XRRAPA_Shooting-main\FirstPersonShooting\Prototype 1\Library\ScriptAssemblies\Unity.TextMeshPro.Editor.dll
Symbol file LoadedFromMemory is not a mono symbol file
Symbol file data-000001B50B212020 doesn't match image C:\Users\김혁진\Desktop\XRRAPA_Shooting-main\FirstPersonShooting\Prototype 1\Library\ScriptAssemblies\Unity.VisualStudio.Editor.dll
Symbol file LoadedFromMemory is not a mono symbol file
Symbol file data-000001B506C9D010 doesn't match image C:\Users\김혁진\Desktop\XRRAPA_Shooting-main\FirstPersonShooting\Prototype 1\Library\ScriptAssemblies\UnityEngine.TestRunner.dll
Symbol file LoadedFromMemory is not a mono symbol file
Symbol file data-000001B50E2D0080 doesn't match image C:\Users\김혁진\Desktop\XRRAPA_Shooting-main\FirstPersonShooting\Prototype 1\Library\ScriptAssemblies\Unity.Timeline.Editor.dll
Symbol file LoadedFromMemory is not a mono symbol file
Symbol file data-000001B50B74A6A0 doesn't match image C:\Users\김혁진\Desktop\XRRAPA_Shooting-main\FirstPersonShooting\Prototype 1\Library\ScriptAssemblies\Unity.Timeline.dll
Symbol file LoadedFromMemory is not a mono symbol file
Symbol file data-000001B507166FF0 doesn't match image C:\Users\김혁진\Desktop\XRRAPA_Shooting-main\FirstPersonShooting\Prototype 1\Library\ScriptAssemblies\Unity.TextMeshPro.dll
Symbol file LoadedFromMemory is not a mono symbol file
Symbol file data-000001B506C9D010 doesn't match image C:\Users\김혁진\Desktop\XRRAPA_Shooting-main\FirstPersonShooting\Prototype 1\Library\ScriptAssemblies\Unity.CollabProxy.Editor.dll
Symbol file LoadedFromMemory is not a mono symbol file
Symbol file data-000001B50B0B0020 doesn't match image C:\Users\김혁진\Desktop\XRRAPA_Shooting-main\FirstPersonShooting\Prototype 1\Library\ScriptAssemblies\UnityEditor.TestRunner.dll
Symbol file LoadedFromMemory is not a mono symbol file
Symbol file data-000001B50EC48EF0 doesn't match image C:\Users\김혁진\Desktop\XRRAPA_Shooting-main\FirstPersonShooting\Prototype 1\Library\ScriptAssemblies\UnityEditor.UI.dll
Symbol file LoadedFromMemory is not a mono symbol file
Symbol file data-000001B50B13F850 doesn't match image C:\Users\김혁진\Desktop\XRRAPA_Shooting-main\FirstPersonShooting\Prototype 1\Library\ScriptAssemblies\Unity.PlasticSCM.Editor.dll
Symbol file LoadedFromMemory is not a mono symbol file
Symbol file data-000001B50B996E20 doesn't match image C:\Users\김혁진\Desktop\XRRAPA_Shooting-main\FirstPersonShooting\Prototype 1\Library\ScriptAssemblies\Unity.Rider.Editor.dll
Symbol file LoadedFromMemory is not a mono symbol file
Symbol file data-000001B50BB91410 doesn't match image C:\Users\김혁진\Desktop\XRRAPA_Shooting-main\FirstPersonShooting\Prototype 1\Library\ScriptAssemblies\UnityEngine.UI.dll
Symbol file LoadedFromMemory is not a mono symbol file
Native extension for WindowsStandalone target not found
Refreshing native plugins compatible for Editor in 0.27 ms, found 2 plugins.
Preloading 0 native plugins for Editor in 0.00 ms.
Mono: successfully reloaded assembly
- Completed reload, in  0.902 seconds
Platform modules already initialized, skipping
Refreshing native plugins compatible for Editor in 0.27 ms, found 2 plugins.
Preloading 0 native plugins for Editor in 0.00 ms.
Unloading 1386 Unused Serialized files (Serialized files now loaded: 0)
System memory in use before: 68.4 MB.
System memory in use after: 68.5 MB.

Unloading 14 unused Assets to reduce memory usage. Loaded Objects now: 1848.
Total: 1.717300 ms (FindLiveObjects: 0.129800 ms CreateObjectMapping: 0.041800 ms MarkObjects: 1.499600 ms  DeleteObjects: 0.045000 ms)

AssetImportParameters requested are different than current active one (requested -> active):
  requireTextureImportCompression: false -> true
  custom:framework-win-MediaFoundation: 216162199b28c13a410421893ffa2e32 -> 
  custom:video-decoder-ogg-theora: a1e56fd34408186e4bbccfd4996cb3dc -> 
  custom:container-muxer-webm: aa71ff27fc2769a1b78a27578f13a17b -> 
  custom:container-demuxer-webm: 4f35f7cbe854078d1ac9338744f61a02 -> 
  custom:container-demuxer-ogg: 62fdf1f143b41e24485cea50d1cbac27 -> 
  custom:video-encoder-webm-vp8: eb34c28f22e8b96e1ab97ce403110664 -> 
  custom:video-decoder-webm-vp8: 9c59270c3fd7afecdb556c50c9e8de78 -> 
  custom:audio-decoder-ogg-vorbis: bf7c407c2cedff20999df2af8eb42d56 -> 
  custom:audio-encoder-webm-vorbis: bf7c407c2cedff20999df2af8eb42d56 -> 
========================================================================
Received Prepare
Registering precompiled user dll's ...
Registered in 0.005843 seconds.
Begin MonoManager ReloadAssembly
Symbol file data-000001B506978570 doesn't match image C:\Users\김혁진\Desktop\XRRAPA_Shooting-main\FirstPersonShooting\Prototype 1\Library\ScriptAssemblies\Unity.VSCode.Editor.dll
Symbol file LoadedFromMemory is not a mono symbol file
Symbol file data-000001B506EAB020 doesn't match image C:\Users\김혁진\Desktop\XRRAPA_Shooting-main\FirstPersonShooting\Prototype 1\Library\ScriptAssemblies\Unity.TextMeshPro.Editor.dll
Symbol file LoadedFromMemory is not a mono symbol file
Symbol file data-000001B50B136010 doesn't match image C:\Users\김혁진\Desktop\XRRAPA_Shooting-main\FirstPersonShooting\Prototype 1\Library\ScriptAssemblies\Unity.VisualStudio.Editor.dll
Symbol file LoadedFromMemory is not a mono symbol file
Symbol file data-000001B5070B60A0 doesn't match image C:\Users\김혁진\Desktop\XRRAPA_Shooting-main\FirstPersonShooting\Prototype 1\Library\ScriptAssemblies\UnityEngine.TestRunner.dll
Symbol file LoadedFromMemory is not a mono symbol file
Symbol file data-000001B553395010 doesn't match image C:\Users\김혁진\Desktop\XRRAPA_Shooting-main\FirstPersonShooting\Prototype 1\Library\ScriptAssemblies\Unity.Timeline.Editor.dll
Symbol file LoadedFromMemory is not a mono symbol file
Symbol file data-000001B50E388030 doesn't match image C:\Users\김혁진\Desktop\XRRAPA_Shooting-main\FirstPersonShooting\Prototype 1\Library\ScriptAssemblies\Unity.Timeline.dll
Symbol file LoadedFromMemory is not a mono symbol file
Symbol file data-000001B50BE3D010 doesn't match image C:\Users\김혁진\Desktop\XRRAPA_Shooting-main\FirstPersonShooting\Prototype 1\Library\ScriptAssemblies\Unity.TextMeshPro.dll
Symbol file LoadedFromMemory is not a mono symbol file
Symbol file data-000001B5070B60A0 doesn't match image C:\Users\김혁진\Desktop\XRRAPA_Shooting-main\FirstPersonShooting\Prototype 1\Library\ScriptAssemblies\Unity.CollabProxy.Editor.dll
Symbol file LoadedFromMemory is not a mono symbol file
Symbol file data-000001B50CDDB020 doesn't match image C:\Users\김혁진\Desktop\XRRAPA_Shooting-main\FirstPersonShooting\Prototype 1\Library\ScriptAssemblies\UnityEditor.TestRunner.dll
Symbol file LoadedFromMemory is not a mono symbol file
Symbol file data-000001B50B136010 doesn't match image C:\Users\김혁진\Desktop\XRRAPA_Shooting-main\FirstPersonShooting\Prototype 1\Library\ScriptAssemblies\UnityEditor.UI.dll
Symbol file LoadedFromMemory is not a mono symbol file
Symbol file data-000001B50B13F850 doesn't match image C:\Users\김혁진\Desktop\XRRAPA_Shooting-main\FirstPersonShooting\Prototype 1\Library\ScriptAssemblies\Unity.PlasticSCM.Editor.dll
Symbol file LoadedFromMemory is not a mono symbol file
Symbol file data-000001B50B996E20 doesn't match image C:\Users\김혁진\Desktop\XRRAPA_Shooting-main\FirstPersonShooting\Prototype 1\Library\ScriptAssemblies\Unity.Rider.Editor.dll
Symbol file LoadedFromMemory is not a mono symbol file
Symbol file data-000001B50F079010 doesn't match image C:\Users\김혁진\Desktop\XRRAPA_Shooting-main\FirstPersonShooting\Prototype 1\Library\ScriptAssemblies\UnityEngine.UI.dll
Symbol file LoadedFromMemory is not a mono symbol file
Native extension for WindowsStandalone target not found
Refreshing native plugins compatible for Editor in 0.29 ms, found 2 plugins.
Preloading 0 native plugins for Editor in 0.00 ms.
Mono: successfully reloaded assembly
- Completed reload, in  0.919 seconds
Platform modules already initialized, skipping
Refreshing native plugins compatible for Editor in 0.27 ms, found 2 plugins.
Preloading 0 native plugins for Editor in 0.00 ms.
Unloading 1386 Unused Serialized files (Serialized files now loaded: 0)
System memory in use before: 68.4 MB.
System memory in use after: 68.5 MB.

Unloading 14 unused Assets to reduce memory usage. Loaded Objects now: 1851.
Total: 1.751200 ms (FindLiveObjects: 0.127200 ms CreateObjectMapping: 0.042600 ms MarkObjects: 1.529300 ms  DeleteObjects: 0.050800 ms)

AssetImportParameters requested are different than current active one (requested -> active):
  requireTextureImportCompression: false -> true
  custom:framework-win-MediaFoundation: 216162199b28c13a410421893ffa2e32 -> 
  custom:video-decoder-ogg-theora: a1e56fd34408186e4bbccfd4996cb3dc -> 
  custom:container-muxer-webm: aa71ff27fc2769a1b78a27578f13a17b -> 
  custom:container-demuxer-webm: 4f35f7cbe854078d1ac9338744f61a02 -> 
  custom:container-demuxer-ogg: 62fdf1f143b41e24485cea50d1cbac27 -> 
  custom:video-encoder-webm-vp8: eb34c28f22e8b96e1ab97ce403110664 -> 
  custom:video-decoder-webm-vp8: 9c59270c3fd7afecdb556c50c9e8de78 -> 
  custom:audio-decoder-ogg-vorbis: bf7c407c2cedff20999df2af8eb42d56 -> 
  custom:audio-encoder-webm-vorbis: bf7c407c2cedff20999df2af8eb42d56 -> 
========================================================================
Received Prepare
Registering precompiled user dll's ...
Registered in 0.006009 seconds.
Begin MonoManager ReloadAssembly
Symbol file data-000001B506CA6E40 doesn't match image C:\Users\김혁진\Desktop\XRRAPA_Shooting-main\FirstPersonShooting\Prototype 1\Library\ScriptAssemblies\Unity.VSCode.Editor.dll
Symbol file LoadedFromMemory is not a mono symbol file
Symbol file data-000001B50CEF5080 doesn't match image C:\Users\김혁진\Desktop\XRRAPA_Shooting-main\FirstPersonShooting\Prototype 1\Library\ScriptAssemblies\Unity.TextMeshPro.Editor.dll
Symbol file LoadedFromMemory is not a mono symbol file
Symbol file data-000001B506C39030 doesn't match image C:\Users\김혁진\Desktop\XRRAPA_Shooting-main\FirstPersonShooting\Prototype 1\Library\ScriptAssemblies\Unity.VisualStudio.Editor.dll
Symbol file LoadedFromMemory is not a mono symbol file
Symbol file data-000001B50BB3B020 doesn't match image C:\Users\김혁진\Desktop\XRRAPA_Shooting-main\FirstPersonShooting\Prototype 1\Library\ScriptAssemblies\UnityEngine.TestRunner.dll
Symbol file LoadedFromMemory is not a mono symbol file
Symbol file data-000001B5072B4010 doesn't match image C:\Users\김혁진\Desktop\XRRAPA_Shooting-main\FirstPersonShooting\Prototype 1\Library\ScriptAssemblies\Unity.Timeline.Editor.dll
Symbol file LoadedFromMemory is not a mono symbol file
Symbol file data-000001B50CEF5080 doesn't match image C:\Users\김혁진\Desktop\XRRAPA_Shooting-main\FirstPersonShooting\Prototype 1\Library\ScriptAssemblies\Unity.Timeline.dll
Symbol file LoadedFromMemory is not a mono symbol file
Symbol file data-000001B50BE3D010 doesn't match image C:\Users\김혁진\Desktop\XRRAPA_Shooting-main\FirstPersonShooting\Prototype 1\Library\ScriptAssemblies\Unity.TextMeshPro.dll
Symbol file LoadedFromMemory is not a mono symbol file
Symbol file data-000001B50BB3B020 doesn't match image C:\Users\김혁진\Desktop\XRRAPA_Shooting-main\FirstPersonShooting\Prototype 1\Library\ScriptAssemblies\Unity.CollabProxy.Editor.dll
Symbol file LoadedFromMemory is not a mono symbol file
Symbol file data-000001B50CDDB020 doesn't match image C:\Users\김혁진\Desktop\XRRAPA_Shooting-main\FirstPersonShooting\Prototype 1\Library\ScriptAssemblies\UnityEditor.TestRunner.dll
Symbol file LoadedFromMemory is not a mono symbol file
Symbol file data-000001B506C39030 doesn't match image C:\Users\김혁진\Desktop\XRRAPA_Shooting-main\FirstPersonShooting\Prototype 1\Library\ScriptAssemblies\UnityEditor.UI.dll
Symbol file LoadedFromMemory is not a mono symbol file
Symbol file data-000001B50B4DD010 doesn't match image C:\Users\김혁진\Desktop\XRRAPA_Shooting-main\FirstPersonShooting\Prototype 1\Library\ScriptAssemblies\Unity.PlasticSCM.Editor.dll
Symbol file LoadedFromMemory is not a mono symbol file
Symbol file data-000001B50B996E20 doesn't match image C:\Users\김혁진\Desktop\XRRAPA_Shooting-main\FirstPersonShooting\Prototype 1\Library\ScriptAssemblies\Unity.Rider.Editor.dll
Symbol file LoadedFromMemory is not a mono symbol file
Symbol file data-000001B553395010 doesn't match image C:\Users\김혁진\Desktop\XRRAPA_Shooting-main\FirstPersonShooting\Prototype 1\Library\ScriptAssemblies\UnityEngine.UI.dll
Symbol file LoadedFromMemory is not a mono symbol file
Native extension for WindowsStandalone target not found
Refreshing native plugins compatible for Editor in 0.27 ms, found 2 plugins.
Preloading 0 native plugins for Editor in 0.00 ms.
Mono: successfully reloaded assembly
- Completed reload, in  0.905 seconds
Platform modules already initialized, skipping
Refreshing native plugins compatible for Editor in 0.29 ms, found 2 plugins.
Preloading 0 native plugins for Editor in 0.00 ms.
Unloading 1386 Unused Serialized files (Serialized files now loaded: 0)
System memory in use before: 68.5 MB.
System memory in use after: 68.5 MB.

Unloading 14 unused Assets to reduce memory usage. Loaded Objects now: 1854.
Total: 1.947500 ms (FindLiveObjects: 0.124600 ms CreateObjectMapping: 0.039600 ms MarkObjects: 1.739300 ms  DeleteObjects: 0.043300 ms)

AssetImportParameters requested are different than current active one (requested -> active):
  requireTextureImportCompression: false -> true
  custom:framework-win-MediaFoundation: 216162199b28c13a410421893ffa2e32 -> 
  custom:video-decoder-ogg-theora: a1e56fd34408186e4bbccfd4996cb3dc -> 
  custom:container-muxer-webm: aa71ff27fc2769a1b78a27578f13a17b -> 
  custom:container-demuxer-webm: 4f35f7cbe854078d1ac9338744f61a02 -> 
  custom:container-demuxer-ogg: 62fdf1f143b41e24485cea50d1cbac27 -> 
  custom:video-encoder-webm-vp8: eb34c28f22e8b96e1ab97ce403110664 -> 
  custom:video-decoder-webm-vp8: 9c59270c3fd7afecdb556c50c9e8de78 -> 
  custom:audio-decoder-ogg-vorbis: bf7c407c2cedff20999df2af8eb42d56 -> 
  custom:audio-encoder-webm-vorbis: bf7c407c2cedff20999df2af8eb42d56 -> 
========================================================================
Received Prepare
Registering precompiled user dll's ...
Registered in 0.006300 seconds.
Begin MonoManager ReloadAssembly
Symbol file data-000001B506978570 doesn't match image C:\Users\김혁진\Desktop\XRRAPA_Shooting-main\FirstPersonShooting\Prototype 1\Library\ScriptAssemblies\Unity.VSCode.Editor.dll
Symbol file LoadedFromMemory is not a mono symbol file
Symbol file data-000001B50B1F8030 doesn't match image C:\Users\김혁진\Desktop\XRRAPA_Shooting-main\FirstPersonShooting\Prototype 1\Library\ScriptAssemblies\Unity.TextMeshPro.Editor.dll
Symbol file LoadedFromMemory is not a mono symbol file
Symbol file data-000001B50F8B6CA0 doesn't match image C:\Users\김혁진\Desktop\XRRAPA_Shooting-main\FirstPersonShooting\Prototype 1\Library\ScriptAssemblies\Unity.VisualStudio.Editor.dll
Symbol file LoadedFromMemory is not a mono symbol file
Symbol file data-000001B50BB3B020 doesn't match image C:\Users\김혁진\Desktop\XRRAPA_Shooting-main\FirstPersonShooting\Prototype 1\Library\ScriptAssemblies\UnityEngine.TestRunner.dll
Symbol file LoadedFromMemory is not a mono symbol file
Symbol file data-000001B5072B4010 doesn't match image C:\Users\김혁진\Desktop\XRRAPA_Shooting-main\FirstPersonShooting\Prototype 1\Library\ScriptAssemblies\Unity.Timeline.Editor.dll
Symbol file LoadedFromMemory is not a mono symbol file
Symbol file data-000001B50B1F8030 doesn't match image C:\Users\김혁진\Desktop\XRRAPA_Shooting-main\FirstPersonShooting\Prototype 1\Library\ScriptAssemblies\Unity.Timeline.dll
Symbol file LoadedFromMemory is not a mono symbol file
Symbol file data-000001B5535FB030 doesn't match image C:\Users\김혁진\Desktop\XRRAPA_Shooting-main\FirstPersonShooting\Prototype 1\Library\ScriptAssemblies\Unity.TextMeshPro.dll
Symbol file LoadedFromMemory is not a mono symbol file
Symbol file data-000001B50BB3B020 doesn't match image C:\Users\김혁진\Desktop\XRRAPA_Shooting-main\FirstPersonShooting\Prototype 1\Library\ScriptAssemblies\Unity.CollabProxy.Editor.dll
Symbol file LoadedFromMemory is not a mono symbol file
Symbol file data-000001B50CDDB020 doesn't match image C:\Users\김혁진\Desktop\XRRAPA_Shooting-main\FirstPersonShooting\Prototype 1\Library\ScriptAssemblies\UnityEditor.TestRunner.dll
Symbol file LoadedFromMemory is not a mono symbol file
Symbol file data-000001B50E2E0090 doesn't match image C:\Users\김혁진\Desktop\XRRAPA_Shooting-main\FirstPersonShooting\Prototype 1\Library\ScriptAssemblies\UnityEditor.UI.dll
Symbol file LoadedFromMemory is not a mono symbol file
Symbol file data-000001B50B066010 doesn't match image C:\Users\김혁진\Desktop\XRRAPA_Shooting-main\FirstPersonShooting\Prototype 1\Library\ScriptAssemblies\Unity.PlasticSCM.Editor.dll
Symbol file LoadedFromMemory is not a mono symbol file
Symbol file data-000001B50B996E20 doesn't match image C:\Users\김혁진\Desktop\XRRAPA_Shooting-main\FirstPersonShooting\Prototype 1\Library\ScriptAssemblies\Unity.Rider.Editor.dll
Symbol file LoadedFromMemory is not a mono symbol file
Symbol file data-000001B50D0BB040 doesn't match image C:\Users\김혁진\Desktop\XRRAPA_Shooting-main\FirstPersonShooting\Prototype 1\Library\ScriptAssemblies\UnityEngine.UI.dll
Symbol file LoadedFromMemory is not a mono symbol file
Native extension for WindowsStandalone target not found
Refreshing native plugins compatible for Editor in 0.28 ms, found 2 plugins.
Preloading 0 native plugins for Editor in 0.00 ms.
Mono: successfully reloaded assembly
- Completed reload, in  0.909 seconds
Platform modules already initialized, skipping
Refreshing native plugins compatible for Editor in 0.28 ms, found 2 plugins.
Preloading 0 native plugins for Editor in 0.00 ms.
Unloading 1386 Unused Serialized files (Serialized files now loaded: 0)
System memory in use before: 68.5 MB.
System memory in use after: 68.5 MB.

Unloading 14 unused Assets to reduce memory usage. Loaded Objects now: 1857.
Total: 1.629900 ms (FindLiveObjects: 0.118400 ms CreateObjectMapping: 0.033100 ms MarkObjects: 1.435800 ms  DeleteObjects: 0.041700 ms)

AssetImportParameters requested are different than current active one (requested -> active):
  requireTextureImportCompression: false -> true
  custom:framework-win-MediaFoundation: 216162199b28c13a410421893ffa2e32 -> 
  custom:video-decoder-ogg-theora: a1e56fd34408186e4bbccfd4996cb3dc -> 
  custom:container-muxer-webm: aa71ff27fc2769a1b78a27578f13a17b -> 
  custom:container-demuxer-webm: 4f35f7cbe854078d1ac9338744f61a02 -> 
  custom:container-demuxer-ogg: 62fdf1f143b41e24485cea50d1cbac27 -> 
  custom:video-encoder-webm-vp8: eb34c28f22e8b96e1ab97ce403110664 -> 
  custom:video-decoder-webm-vp8: 9c59270c3fd7afecdb556c50c9e8de78 -> 
  custom:audio-decoder-ogg-vorbis: bf7c407c2cedff20999df2af8eb42d56 -> 
  custom:audio-encoder-webm-vorbis: bf7c407c2cedff20999df2af8eb42d56 -> 
========================================================================
Received Prepare
Registering precompiled user dll's ...
Registered in 0.006212 seconds.
Begin MonoManager ReloadAssembly
Symbol file data-000001B506978570 doesn't match image C:\Users\김혁진\Desktop\XRRAPA_Shooting-main\FirstPersonShooting\Prototype 1\Library\ScriptAssemblies\Unity.VSCode.Editor.dll
Symbol file LoadedFromMemory is not a mono symbol file
Symbol file data-000001B50CE11020 doesn't match image C:\Users\김혁진\Desktop\XRRAPA_Shooting-main\FirstPersonShooting\Prototype 1\Library\ScriptAssemblies\Unity.TextMeshPro.Editor.dll
Symbol file LoadedFromMemory is not a mono symbol file
Symbol file data-000001B50D33EE90 doesn't match image C:\Users\김혁진\Desktop\XRRAPA_Shooting-main\FirstPersonShooting\Prototype 1\Library\ScriptAssemblies\Unity.VisualStudio.Editor.dll
Symbol file LoadedFromMemory is not a mono symbol file
Symbol file data-000001B553C57060 doesn't match image C:\Users\김혁진\Desktop\XRRAPA_Shooting-main\FirstPersonShooting\Prototype 1\Library\ScriptAssemblies\UnityEngine.TestRunner.dll
Symbol file LoadedFromMemory is not a mono symbol file
Symbol file data-000001B5072B4010 doesn't match image C:\Users\김혁진\Desktop\XRRAPA_Shooting-main\FirstPersonShooting\Prototype 1\Library\ScriptAssemblies\Unity.Timeline.Editor.dll
Symbol file LoadedFromMemory is not a mono symbol file
Symbol file data-000001B50CE11020 doesn't match image C:\Users\김혁진\Desktop\XRRAPA_Shooting-main\FirstPersonShooting\Prototype 1\Library\ScriptAssemblies\Unity.Timeline.dll
Symbol file LoadedFromMemory is not a mono symbol file
Symbol file data-000001B50BE3D010 doesn't match image C:\Users\김혁진\Desktop\XRRAPA_Shooting-main\FirstPersonShooting\Prototype 1\Library\ScriptAssemblies\Unity.TextMeshPro.dll
Symbol file LoadedFromMemory is not a mono symbol file
Symbol file data-000001B553C57060 doesn't match image C:\Users\김혁진\Desktop\XRRAPA_Shooting-main\FirstPersonShooting\Prototype 1\Library\ScriptAssemblies\Unity.CollabProxy.Editor.dll
Symbol file LoadedFromMemory is not a mono symbol file
Symbol file data-000001B50CDDB020 doesn't match image C:\Users\김혁진\Desktop\XRRAPA_Shooting-main\FirstPersonShooting\Prototype 1\Library\ScriptAssemblies\UnityEditor.TestRunner.dll
Symbol file LoadedFromMemory is not a mono symbol file
Symbol file data-000001B50B136010 doesn't match image C:\Users\김혁진\Desktop\XRRAPA_Shooting-main\FirstPersonShooting\Prototype 1\Library\ScriptAssemblies\UnityEditor.UI.dll
Symbol file LoadedFromMemory is not a mono symbol file
Symbol file data-000001B50B66F020 doesn't match image C:\Users\김혁진\Desktop\XRRAPA_Shooting-main\FirstPersonShooting\Prototype 1\Library\ScriptAssemblies\Unity.PlasticSCM.Editor.dll
Symbol file LoadedFromMemory is not a mono symbol file
Symbol file data-000001B50B996E20 doesn't match image C:\Users\김혁진\Desktop\XRRAPA_Shooting-main\FirstPersonShooting\Prototype 1\Library\ScriptAssemblies\Unity.Rider.Editor.dll
Symbol file LoadedFromMemory is not a mono symbol file
Symbol file data-000001B55393B020 doesn't match image C:\Users\김혁진\Desktop\XRRAPA_Shooting-main\FirstPersonShooting\Prototype 1\Library\ScriptAssemblies\UnityEngine.UI.dll
Symbol file LoadedFromMemory is not a mono symbol file
Native extension for WindowsStandalone target not found
Refreshing native plugins compatible for Editor in 0.28 ms, found 2 plugins.
Preloading 0 native plugins for Editor in 0.00 ms.
Mono: successfully reloaded assembly
- Completed reload, in  0.928 seconds
Platform modules already initialized, skipping
Refreshing native plugins compatible for Editor in 0.27 ms, found 2 plugins.
Preloading 0 native plugins for Editor in 0.00 ms.
Unloading 1386 Unused Serialized files (Serialized files now loaded: 0)
System memory in use before: 68.5 MB.
System memory in use after: 68.5 MB.

Unloading 14 unused Assets to reduce memory usage. Loaded Objects now: 1860.
Total: 1.667300 ms (FindLiveObjects: 0.121500 ms CreateObjectMapping: 0.036500 ms MarkObjects: 1.430400 ms  DeleteObjects: 0.078100 ms)

AssetImportParameters requested are different than current active one (requested -> active):
  requireTextureImportCompression: false -> true
  custom:framework-win-MediaFoundation: 216162199b28c13a410421893ffa2e32 -> 
  custom:video-decoder-ogg-theora: a1e56fd34408186e4bbccfd4996cb3dc -> 
  custom:container-muxer-webm: aa71ff27fc2769a1b78a27578f13a17b -> 
  custom:container-demuxer-webm: 4f35f7cbe854078d1ac9338744f61a02 -> 
  custom:container-demuxer-ogg: 62fdf1f143b41e24485cea50d1cbac27 -> 
  custom:video-encoder-webm-vp8: eb34c28f22e8b96e1ab97ce403110664 -> 
  custom:video-decoder-webm-vp8: 9c59270c3fd7afecdb556c50c9e8de78 -> 
  custom:audio-decoder-ogg-vorbis: bf7c407c2cedff20999df2af8eb42d56 -> 
  custom:audio-encoder-webm-vorbis: bf7c407c2cedff20999df2af8eb42d56 -> 
========================================================================
Received Prepare
Registering precompiled user dll's ...
Registered in 0.005960 seconds.
Begin MonoManager ReloadAssembly
Symbol file data-000001B50E391E60 doesn't match image C:\Users\김혁진\Desktop\XRRAPA_Shooting-main\FirstPersonShooting\Prototype 1\Library\ScriptAssemblies\Unity.VSCode.Editor.dll
Symbol file LoadedFromMemory is not a mono symbol file
Symbol file data-000001B553D76070 doesn't match image C:\Users\김혁진\Desktop\XRRAPA_Shooting-main\FirstPersonShooting\Prototype 1\Library\ScriptAssemblies\Unity.TextMeshPro.Editor.dll
Symbol file LoadedFromMemory is not a mono symbol file
Symbol file data-000001B553A2D030 doesn't match image C:\Users\김혁진\Desktop\XRRAPA_Shooting-main\FirstPersonShooting\Prototype 1\Library\ScriptAssemblies\Unity.VisualStudio.Editor.dll
Symbol file LoadedFromMemory is not a mono symbol file
Symbol file data-000001B553C57060 doesn't match image C:\Users\김혁진\Desktop\XRRAPA_Shooting-main\FirstPersonShooting\Prototype 1\Library\ScriptAssemblies\UnityEngine.TestRunner.dll
Symbol file LoadedFromMemory is not a mono symbol file
Symbol file data-000001B5072B4010 doesn't match image C:\Users\김혁진\Desktop\XRRAPA_Shooting-main\FirstPersonShooting\Prototype 1\Library\ScriptAssemblies\Unity.Timeline.Editor.dll
Symbol file LoadedFromMemory is not a mono symbol file
Symbol file data-000001B5536A75D0 doesn't match image C:\Users\김혁진\Desktop\XRRAPA_Shooting-main\FirstPersonShooting\Prototype 1\Library\ScriptAssemblies\Unity.Timeline.dll
Symbol file LoadedFromMemory is not a mono symbol file
Symbol file data-000001B5539B7010 doesn't match image C:\Users\김혁진\Desktop\XRRAPA_Shooting-main\FirstPersonShooting\Prototype 1\Library\ScriptAssemblies\Unity.TextMeshPro.dll
Symbol file LoadedFromMemory is not a mono symbol file
Symbol file data-000001B553C57060 doesn't match image C:\Users\김혁진\Desktop\XRRAPA_Shooting-main\FirstPersonShooting\Prototype 1\Library\ScriptAssemblies\Unity.CollabProxy.Editor.dll
Symbol file LoadedFromMemory is not a mono symbol file
Symbol file data-000001B50CDDB020 doesn't match image C:\Users\김혁진\Desktop\XRRAPA_Shooting-main\FirstPersonShooting\Prototype 1\Library\ScriptAssemblies\UnityEditor.TestRunner.dll
Symbol file LoadedFromMemory is not a mono symbol file
Symbol file data-000001B553A2D030 doesn't match image C:\Users\김혁진\Desktop\XRRAPA_Shooting-main\FirstPersonShooting\Prototype 1\Library\ScriptAssemblies\UnityEditor.UI.dll
Symbol file LoadedFromMemory is not a mono symbol file
Symbol file data-000001B50B4DD010 doesn't match image C:\Users\김혁진\Desktop\XRRAPA_Shooting-main\FirstPersonShooting\Prototype 1\Library\ScriptAssemblies\Unity.PlasticSCM.Editor.dll
Symbol file LoadedFromMemory is not a mono symbol file
Symbol file data-000001B50B996E20 doesn't match image C:\Users\김혁진\Desktop\XRRAPA_Shooting-main\FirstPersonShooting\Prototype 1\Library\ScriptAssemblies\Unity.Rider.Editor.dll
Symbol file LoadedFromMemory is not a mono symbol file
Symbol file data-000001B553F20010 doesn't match image C:\Users\김혁진\Desktop\XRRAPA_Shooting-main\FirstPersonShooting\Prototype 1\Library\ScriptAssemblies\UnityEngine.UI.dll
Symbol file LoadedFromMemory is not a mono symbol file
Native extension for WindowsStandalone target not found
Refreshing native plugins compatible for Editor in 0.27 ms, found 2 plugins.
Preloading 0 native plugins for Editor in 0.00 ms.
Mono: successfully reloaded assembly
- Completed reload, in  0.926 seconds
Platform modules already initialized, skipping
Refreshing native plugins compatible for Editor in 0.28 ms, found 2 plugins.
Preloading 0 native plugins for Editor in 0.00 ms.
Unloading 1386 Unused Serialized files (Serialized files now loaded: 0)
System memory in use before: 68.5 MB.
System memory in use after: 68.5 MB.

Unloading 14 unused Assets to reduce memory usage. Loaded Objects now: 1863.
Total: 1.637600 ms (FindLiveObjects: 0.121800 ms CreateObjectMapping: 0.035900 ms MarkObjects: 1.411500 ms  DeleteObjects: 0.067600 ms)

AssetImportParameters requested are different than current active one (requested -> active):
  requireTextureImportCompression: false -> true
  custom:framework-win-MediaFoundation: 216162199b28c13a410421893ffa2e32 -> 
  custom:video-decoder-ogg-theora: a1e56fd34408186e4bbccfd4996cb3dc -> 
  custom:container-muxer-webm: aa71ff27fc2769a1b78a27578f13a17b -> 
  custom:container-demuxer-webm: 4f35f7cbe854078d1ac9338744f61a02 -> 
  custom:container-demuxer-ogg: 62fdf1f143b41e24485cea50d1cbac27 -> 
  custom:video-encoder-webm-vp8: eb34c28f22e8b96e1ab97ce403110664 -> 
  custom:video-decoder-webm-vp8: 9c59270c3fd7afecdb556c50c9e8de78 -> 
  custom:audio-decoder-ogg-vorbis: bf7c407c2cedff20999df2af8eb42d56 -> 
  custom:audio-encoder-webm-vorbis: bf7c407c2cedff20999df2af8eb42d56 -> 
========================================================================
Received Prepare
Registering precompiled user dll's ...
Registered in 0.006477 seconds.
Begin MonoManager ReloadAssembly
Symbol file data-000001B506C3E3D0 doesn't match image C:\Users\김혁진\Desktop\XRRAPA_Shooting-main\FirstPersonShooting\Prototype 1\Library\ScriptAssemblies\Unity.VSCode.Editor.dll
Symbol file LoadedFromMemory is not a mono symbol file
Symbol file data-000001B50C95F450 doesn't match image C:\Users\김혁진\Desktop\XRRAPA_Shooting-main\FirstPersonShooting\Prototype 1\Library\ScriptAssemblies\Unity.TextMeshPro.Editor.dll
Symbol file LoadedFromMemory is not a mono symbol file
Symbol file data-000001B5536AF5E0 doesn't match image C:\Users\김혁진\Desktop\XRRAPA_Shooting-main\FirstPersonShooting\Prototype 1\Library\ScriptAssemblies\Unity.VisualStudio.Editor.dll
Symbol file LoadedFromMemory is not a mono symbol file
Symbol file data-000001B50CAC3060 doesn't match image C:\Users\김혁진\Desktop\XRRAPA_Shooting-main\FirstPersonShooting\Prototype 1\Library\ScriptAssemblies\UnityEngine.TestRunner.dll
Symbol file LoadedFromMemory is not a mono symbol file
Symbol file data-000001B553F76540 doesn't match image C:\Users\김혁진\Desktop\XRRAPA_Shooting-main\FirstPersonShooting\Prototype 1\Library\ScriptAssemblies\Unity.Timeline.Editor.dll
Symbol file LoadedFromMemory is not a mono symbol file
Symbol file data-000001B50C95F450 doesn't match image C:\Users\김혁진\Desktop\XRRAPA_Shooting-main\FirstPersonShooting\Prototype 1\Library\ScriptAssemblies\Unity.Timeline.dll
Symbol file LoadedFromMemory is not a mono symbol file
Symbol file data-000001B5539B7010 doesn't match image C:\Users\김혁진\Desktop\XRRAPA_Shooting-main\FirstPersonShooting\Prototype 1\Library\ScriptAssemblies\Unity.TextMeshPro.dll
Symbol file LoadedFromMemory is not a mono symbol file
Symbol file data-000001B50CAC3060 doesn't match image C:\Users\김혁진\Desktop\XRRAPA_Shooting-main\FirstPersonShooting\Prototype 1\Library\ScriptAssemblies\Unity.CollabProxy.Editor.dll
Symbol file LoadedFromMemory is not a mono symbol file
Symbol file data-000001B50CDDB020 doesn't match image C:\Users\김혁진\Desktop\XRRAPA_Shooting-main\FirstPersonShooting\Prototype 1\Library\ScriptAssemblies\UnityEditor.TestRunner.dll
Symbol file LoadedFromMemory is not a mono symbol file
Symbol file data-000001B5536AF5E0 doesn't match image C:\Users\김혁진\Desktop\XRRAPA_Shooting-main\FirstPersonShooting\Prototype 1\Library\ScriptAssemblies\UnityEditor.UI.dll
Symbol file LoadedFromMemory is not a mono symbol file
Symbol file data-000001B50B4DD010 doesn't match image C:\Users\김혁진\Desktop\XRRAPA_Shooting-main\FirstPersonShooting\Prototype 1\Library\ScriptAssemblies\Unity.PlasticSCM.Editor.dll
Symbol file LoadedFromMemory is not a mono symbol file
Symbol file data-000001B50B996E20 doesn't match image C:\Users\김혁진\Desktop\XRRAPA_Shooting-main\FirstPersonShooting\Prototype 1\Library\ScriptAssemblies\Unity.Rider.Editor.dll
Symbol file LoadedFromMemory is not a mono symbol file
Symbol file data-000001B55429B010 doesn't match image C:\Users\김혁진\Desktop\XRRAPA_Shooting-main\FirstPersonShooting\Prototype 1\Library\ScriptAssemblies\UnityEngine.UI.dll
Symbol file LoadedFromMemory is not a mono symbol file
Native extension for WindowsStandalone target not found
Refreshing native plugins compatible for Editor in 0.28 ms, found 2 plugins.
Preloading 0 native plugins for Editor in 0.00 ms.
Mono: successfully reloaded assembly
- Completed reload, in  0.916 seconds
Platform modules already initialized, skipping
Refreshing native plugins compatible for Editor in 0.34 ms, found 2 plugins.
Preloading 0 native plugins for Editor in 0.00 ms.
Unloading 1386 Unused Serialized files (Serialized files now loaded: 0)
System memory in use before: 68.5 MB.
System memory in use after: 68.6 MB.

Unloading 14 unused Assets to reduce memory usage. Loaded Objects now: 1866.
Total: 1.615800 ms (FindLiveObjects: 0.114600 ms CreateObjectMapping: 0.033300 ms MarkObjects: 1.405900 ms  DeleteObjects: 0.061100 ms)

AssetImportParameters requested are different than current active one (requested -> active):
  requireTextureImportCompression: false -> true
  custom:framework-win-MediaFoundation: 216162199b28c13a410421893ffa2e32 -> 
  custom:video-decoder-ogg-theora: a1e56fd34408186e4bbccfd4996cb3dc -> 
  custom:container-muxer-webm: aa71ff27fc2769a1b78a27578f13a17b -> 
  custom:container-demuxer-webm: 4f35f7cbe854078d1ac9338744f61a02 -> 
  custom:container-demuxer-ogg: 62fdf1f143b41e24485cea50d1cbac27 -> 
  custom:video-encoder-webm-vp8: eb34c28f22e8b96e1ab97ce403110664 -> 
  custom:video-decoder-webm-vp8: 9c59270c3fd7afecdb556c50c9e8de78 -> 
  custom:audio-decoder-ogg-vorbis: bf7c407c2cedff20999df2af8eb42d56 -> 
  custom:audio-encoder-webm-vorbis: bf7c407c2cedff20999df2af8eb42d56 -> 
AssetImportWorkerClient::OnTransportError - code=2 error=End of file
